\BOOKMARK [0][-]{chapter.1}{\376\377\000M\000a\000i\000n\000\040\000P\000a\000g\000e}{}% 1
\BOOKMARK [0][-]{chapter.2}{\376\377\000H\000i\000e\000r\000a\000r\000c\000h\000i\000c\000a\000l\000\040\000I\000n\000d\000e\000x}{}% 2
\BOOKMARK [1][-]{section.2.1}{\376\377\000C\000l\000a\000s\000s\000\040\000H\000i\000e\000r\000a\000r\000c\000h\000y}{chapter.2}% 3
\BOOKMARK [0][-]{chapter.3}{\376\377\000C\000l\000a\000s\000s\000\040\000I\000n\000d\000e\000x}{}% 4
\BOOKMARK [1][-]{section.3.1}{\376\377\000C\000l\000a\000s\000s\000\040\000L\000i\000s\000t}{chapter.3}% 5
\BOOKMARK [0][-]{chapter.4}{\376\377\000F\000i\000l\000e\000\040\000I\000n\000d\000e\000x}{}% 6
\BOOKMARK [1][-]{section.4.1}{\376\377\000F\000i\000l\000e\000\040\000L\000i\000s\000t}{chapter.4}% 7
\BOOKMARK [0][-]{chapter.5}{\376\377\000C\000l\000a\000s\000s\000\040\000D\000o\000c\000u\000m\000e\000n\000t\000a\000t\000i\000o\000n}{}% 8
\BOOKMARK [1][-]{section.5.1}{\376\377\000A\000b\000s\000t\000r\000a\000c\000t\000S\000e\000t\000\040\000C\000l\000a\000s\000s\000\040\000R\000e\000f\000e\000r\000e\000n\000c\000e}{chapter.5}% 9
\BOOKMARK [2][-]{subsection.5.1.1}{\376\377\000D\000e\000t\000a\000i\000l\000e\000d\000\040\000D\000e\000s\000c\000r\000i\000p\000t\000i\000o\000n}{section.5.1}% 10
\BOOKMARK [2][-]{subsection.5.1.2}{\376\377\000C\000o\000n\000s\000t\000r\000u\000c\000t\000o\000r\000\040\000\046\000\040\000D\000e\000s\000t\000r\000u\000c\000t\000o\000r\000\040\000D\000o\000c\000u\000m\000e\000n\000t\000a\000t\000i\000o\000n}{section.5.1}% 11
\BOOKMARK [3][-]{subsubsection.5.1.2.1}{\376\377\000A\000b\000s\000t\000r\000a\000c\000t\000S\000e\000t}{subsection.5.1.2}% 12
\BOOKMARK [2][-]{subsection.5.1.3}{\376\377\000M\000e\000m\000b\000e\000r\000\040\000F\000u\000n\000c\000t\000i\000o\000n\000\040\000D\000o\000c\000u\000m\000e\000n\000t\000a\000t\000i\000o\000n}{section.5.1}% 13
\BOOKMARK [3][-]{subsubsection.5.1.3.1}{\376\377\000c\000o\000m\000p\000u\000t\000e\000O\000p\000t\000i\000m\000a\000l\000P\000a\000r\000t\000i\000t\000i\000o\000n}{subsection.5.1.3}% 14
\BOOKMARK [3][-]{subsubsection.5.1.3.2}{\376\377\000g\000e\000t\000O\000p\000t\000i\000m\000a\000l\000P\000a\000r\000t\000i\000t\000i\000o\000n}{subsection.5.1.3}% 15
\BOOKMARK [3][-]{subsubsection.5.1.3.3}{\376\377\000g\000e\000t\000O\000p\000t\000i\000m\000a\000l\000P\000a\000r\000t\000i\000t\000i\000o\000n\000L\000i\000s\000t}{subsection.5.1.3}% 16
\BOOKMARK [3][-]{subsubsection.5.1.3.4}{\376\377\000p\000r\000i\000n\000t\000O\000p\000t\000i\000m\000a\000l\000P\000a\000r\000t\000i\000t\000i\000o\000n}{subsection.5.1.3}% 17
\BOOKMARK [3][-]{subsubsection.5.1.3.5}{\376\377\000p\000r\000i\000n\000t\000O\000p\000t\000i\000m\000a\000l\000P\000a\000r\000t\000i\000t\000i\000o\000n\000L\000i\000s\000t}{subsection.5.1.3}% 18
\BOOKMARK [3][-]{subsubsection.5.1.3.6}{\376\377\000p\000r\000i\000n\000t\000O\000p\000t\000i\000m\000a\000l\000P\000a\000r\000t\000i\000t\000i\000o\000n\000L\000i\000s\000t\000I\000n\000C\000S\000V}{subsection.5.1.3}% 19
\BOOKMARK [3][-]{subsubsection.5.1.3.7}{\376\377\000s\000e\000t\000O\000b\000j\000e\000c\000t\000i\000v\000e\000F\000u\000n\000c\000t\000i\000o\000n}{subsection.5.1.3}% 20
\BOOKMARK [1][-]{section.5.2}{\376\377\000B\000i\000P\000a\000r\000t\000\040\000C\000l\000a\000s\000s\000\040\000R\000e\000f\000e\000r\000e\000n\000c\000e}{chapter.5}% 21
\BOOKMARK [2][-]{subsection.5.2.1}{\376\377\000D\000e\000t\000a\000i\000l\000e\000d\000\040\000D\000e\000s\000c\000r\000i\000p\000t\000i\000o\000n}{section.5.2}% 22
\BOOKMARK [1][-]{section.5.3}{\376\377\000B\000i\000S\000e\000t\000\040\000C\000l\000a\000s\000s\000\040\000R\000e\000f\000e\000r\000e\000n\000c\000e}{chapter.5}% 23
\BOOKMARK [2][-]{subsection.5.3.1}{\376\377\000M\000e\000m\000b\000e\000r\000\040\000F\000u\000n\000c\000t\000i\000o\000n\000\040\000D\000o\000c\000u\000m\000e\000n\000t\000a\000t\000i\000o\000n}{section.5.3}% 24
\BOOKMARK [3][-]{subsubsection.5.3.1.1}{\376\377\000c\000o\000m\000p\000u\000t\000e\000O\000p\000t\000i\000m\000a\000l\000P\000a\000r\000t\000i\000t\000i\000o\000n}{subsection.5.3.1}% 25
\BOOKMARK [3][-]{subsubsection.5.3.1.2}{\376\377\000g\000e\000t\000O\000p\000t\000i\000m\000a\000l\000P\000a\000r\000t\000i\000t\000i\000o\000n}{subsection.5.3.1}% 26
\BOOKMARK [3][-]{subsubsection.5.3.1.3}{\376\377\000p\000r\000i\000n\000t\000O\000p\000t\000i\000m\000a\000l\000P\000a\000r\000t\000i\000t\000i\000o\000n}{subsection.5.3.1}% 27
\BOOKMARK [3][-]{subsubsection.5.3.1.4}{\376\377\000s\000e\000t\000O\000b\000j\000e\000c\000t\000i\000v\000e\000F\000u\000n\000c\000t\000i\000o\000n}{subsection.5.3.1}% 28
\BOOKMARK [1][-]{section.5.4}{\376\377\000B\000i\000S\000u\000b\000s\000e\000t\000\040\000C\000l\000a\000s\000s\000\040\000R\000e\000f\000e\000r\000e\000n\000c\000e}{chapter.5}% 29
\BOOKMARK [1][-]{section.5.5}{\376\377\000B\000o\000t\000t\000l\000e\000n\000e\000c\000k\000O\000b\000j\000e\000c\000t\000i\000v\000e\000V\000a\000l\000u\000e\000\040\000C\000l\000a\000s\000s\000\040\000R\000e\000f\000e\000r\000e\000n\000c\000e}{chapter.5}% 30
\BOOKMARK [1][-]{section.5.6}{\376\377\000C\000h\000a\000i\000n\000V\000o\000t\000e\000r\000G\000r\000a\000p\000h\000\040\000C\000l\000a\000s\000s\000\040\000R\000e\000f\000e\000r\000e\000n\000c\000e}{chapter.5}% 31
\BOOKMARK [1][-]{section.5.7}{\376\377\000C\000o\000m\000p\000l\000e\000t\000e\000G\000r\000a\000p\000h\000\040\000C\000l\000a\000s\000s\000\040\000R\000e\000f\000e\000r\000e\000n\000c\000e}{chapter.5}% 32
\BOOKMARK [1][-]{section.5.8}{\376\377\000C\000o\000m\000p\000l\000e\000t\000e\000V\000o\000t\000e\000r\000G\000r\000a\000p\000h\000\040\000C\000l\000a\000s\000s\000\040\000R\000e\000f\000e\000r\000e\000n\000c\000e}{chapter.5}% 33
\BOOKMARK [2][-]{subsection.5.8.1}{\376\377\000D\000e\000t\000a\000i\000l\000e\000d\000\040\000D\000e\000s\000c\000r\000i\000p\000t\000i\000o\000n}{section.5.8}% 34
\BOOKMARK [2][-]{subsection.5.8.2}{\376\377\000C\000o\000n\000s\000t\000r\000u\000c\000t\000o\000r\000\040\000\046\000\040\000D\000e\000s\000t\000r\000u\000c\000t\000o\000r\000\040\000D\000o\000c\000u\000m\000e\000n\000t\000a\000t\000i\000o\000n}{section.5.8}% 35
\BOOKMARK [3][-]{subsubsection.5.8.2.1}{\376\377\000C\000o\000m\000p\000l\000e\000t\000e\000V\000o\000t\000e\000r\000G\000r\000a\000p\000h}{subsection.5.8.2}% 36
\BOOKMARK [1][-]{section.5.9}{\376\377\000D\000a\000t\000a\000P\000o\000i\000n\000t\000S\000t\000r\000u\000c\000t\000\040\000S\000t\000r\000u\000c\000t\000\040\000R\000e\000f\000e\000r\000e\000n\000c\000e}{chapter.5}% 37
\BOOKMARK [1][-]{section.5.10}{\376\377\000D\000a\000t\000a\000s\000e\000t\000\040\000C\000l\000a\000s\000s\000\040\000R\000e\000f\000e\000r\000e\000n\000c\000e}{chapter.5}% 38
\BOOKMARK [1][-]{section.5.11}{\376\377\000D\000a\000t\000a\000t\000r\000e\000e\000\040\000C\000l\000a\000s\000s\000\040\000R\000e\000f\000e\000r\000e\000n\000c\000e}{chapter.5}% 39
\BOOKMARK [1][-]{section.5.12}{\376\377\000E\000m\000p\000t\000y\000V\000o\000t\000e\000r\000M\000e\000a\000s\000u\000r\000e\000m\000e\000n\000t\000\040\000C\000l\000a\000s\000s\000\040\000R\000e\000f\000e\000r\000e\000n\000c\000e}{chapter.5}% 40
\BOOKMARK [2][-]{subsection.5.12.1}{\376\377\000D\000e\000t\000a\000i\000l\000e\000d\000\040\000D\000e\000s\000c\000r\000i\000p\000t\000i\000o\000n}{section.5.12}% 41
\BOOKMARK [2][-]{subsection.5.12.2}{\376\377\000C\000o\000n\000s\000t\000r\000u\000c\000t\000o\000r\000\040\000\046\000\040\000D\000e\000s\000t\000r\000u\000c\000t\000o\000r\000\040\000D\000o\000c\000u\000m\000e\000n\000t\000a\000t\000i\000o\000n}{section.5.12}% 42
\BOOKMARK [3][-]{subsubsection.5.12.2.1}{\376\377\000E\000m\000p\000t\000y\000V\000o\000t\000e\000r\000M\000e\000a\000s\000u\000r\000e\000m\000e\000n\000t}{subsection.5.12.2}% 43
\BOOKMARK [1][-]{section.5.13}{\376\377\000F\000i\000l\000i\000f\000o\000r\000m\000G\000r\000a\000p\000h\000\040\000C\000l\000a\000s\000s\000\040\000R\000e\000f\000e\000r\000e\000n\000c\000e}{chapter.5}% 44
\BOOKMARK [1][-]{section.5.14}{\376\377\000G\000r\000a\000p\000h\000\040\000C\000l\000a\000s\000s\000\040\000R\000e\000f\000e\000r\000e\000n\000c\000e}{chapter.5}% 45
\BOOKMARK [2][-]{subsection.5.14.1}{\376\377\000M\000e\000m\000b\000e\000r\000\040\000F\000u\000n\000c\000t\000i\000o\000n\000\040\000D\000o\000c\000u\000m\000e\000n\000t\000a\000t\000i\000o\000n}{section.5.14}% 46
\BOOKMARK [3][-]{subsubsection.5.14.1.1}{\376\377\000c\000o\000m\000p\000u\000t\000e\000O\000p\000t\000i\000m\000a\000l\000P\000a\000r\000t\000i\000t\000i\000o\000n}{subsection.5.14.1}% 47
\BOOKMARK [3][-]{subsubsection.5.14.1.2}{\376\377\000g\000e\000t\000O\000p\000t\000i\000m\000a\000l\000P\000a\000r\000t\000i\000t\000i\000o\000n}{subsection.5.14.1}% 48
\BOOKMARK [3][-]{subsubsection.5.14.1.3}{\376\377\000p\000r\000i\000n\000t\000O\000p\000t\000i\000m\000a\000l\000P\000a\000r\000t\000i\000t\000i\000o\000n}{subsection.5.14.1}% 49
\BOOKMARK [3][-]{subsubsection.5.14.1.4}{\376\377\000s\000e\000t\000O\000b\000j\000e\000c\000t\000i\000v\000e\000F\000u\000n\000c\000t\000i\000o\000n}{subsection.5.14.1}% 50
\BOOKMARK [1][-]{section.5.15}{\376\377\000G\000r\000a\000p\000h\000B\000a\000s\000e\000d\000U\000n\000i\000S\000e\000t\000\040\000C\000l\000a\000s\000s\000\040\000R\000e\000f\000e\000r\000e\000n\000c\000e}{chapter.5}% 51
\BOOKMARK [1][-]{section.5.16}{\376\377\000G\000r\000a\000p\000h\000C\000o\000m\000p\000o\000n\000e\000n\000t\000\040\000C\000l\000a\000s\000s\000\040\000R\000e\000f\000e\000r\000e\000n\000c\000e}{chapter.5}% 52
\BOOKMARK [1][-]{section.5.17}{\376\377\000H\000H\000N\000o\000d\000e\000\040\000C\000l\000a\000s\000s\000\040\000R\000e\000f\000e\000r\000e\000n\000c\000e}{chapter.5}% 53
\BOOKMARK [1][-]{section.5.18}{\376\377\000H\000i\000e\000r\000a\000r\000c\000h\000i\000c\000a\000l\000H\000i\000e\000r\000a\000r\000c\000h\000i\000c\000a\000l\000S\000e\000t\000\040\000C\000l\000a\000s\000s\000\040\000R\000e\000f\000e\000r\000e\000n\000c\000e}{chapter.5}% 54
\BOOKMARK [2][-]{subsection.5.18.1}{\376\377\000M\000e\000m\000b\000e\000r\000\040\000F\000u\000n\000c\000t\000i\000o\000n\000\040\000D\000o\000c\000u\000m\000e\000n\000t\000a\000t\000i\000o\000n}{section.5.18}% 55
\BOOKMARK [3][-]{subsubsection.5.18.1.1}{\376\377\000c\000o\000m\000p\000u\000t\000e\000O\000p\000t\000i\000m\000a\000l\000P\000a\000r\000t\000i\000t\000i\000o\000n}{subsection.5.18.1}% 56
\BOOKMARK [3][-]{subsubsection.5.18.1.2}{\376\377\000g\000e\000t\000O\000p\000t\000i\000m\000a\000l\000P\000a\000r\000t\000i\000t\000i\000o\000n}{subsection.5.18.1}% 57
\BOOKMARK [3][-]{subsubsection.5.18.1.3}{\376\377\000p\000r\000i\000n\000t\000O\000p\000t\000i\000m\000a\000l\000P\000a\000r\000t\000i\000t\000i\000o\000n}{subsection.5.18.1}% 58
\BOOKMARK [3][-]{subsubsection.5.18.1.4}{\376\377\000s\000e\000t\000O\000b\000j\000e\000c\000t\000i\000v\000e\000F\000u\000n\000c\000t\000i\000o\000n}{subsection.5.18.1}% 59
\BOOKMARK [1][-]{section.5.19}{\376\377\000H\000i\000e\000r\000a\000r\000c\000h\000i\000c\000a\000l\000O\000r\000d\000e\000r\000e\000d\000S\000e\000t\000\040\000C\000l\000a\000s\000s\000\040\000R\000e\000f\000e\000r\000e\000n\000c\000e}{chapter.5}% 60
\BOOKMARK [2][-]{subsection.5.19.1}{\376\377\000M\000e\000m\000b\000e\000r\000\040\000F\000u\000n\000c\000t\000i\000o\000n\000\040\000D\000o\000c\000u\000m\000e\000n\000t\000a\000t\000i\000o\000n}{section.5.19}% 61
\BOOKMARK [3][-]{subsubsection.5.19.1.1}{\376\377\000c\000o\000m\000p\000u\000t\000e\000O\000p\000t\000i\000m\000a\000l\000P\000a\000r\000t\000i\000t\000i\000o\000n}{subsection.5.19.1}% 62
\BOOKMARK [3][-]{subsubsection.5.19.1.2}{\376\377\000g\000e\000t\000O\000p\000t\000i\000m\000a\000l\000P\000a\000r\000t\000i\000t\000i\000o\000n}{subsection.5.19.1}% 63
\BOOKMARK [3][-]{subsubsection.5.19.1.3}{\376\377\000p\000r\000i\000n\000t\000O\000p\000t\000i\000m\000a\000l\000P\000a\000r\000t\000i\000t\000i\000o\000n}{subsection.5.19.1}% 64
\BOOKMARK [3][-]{subsubsection.5.19.1.4}{\376\377\000s\000e\000t\000O\000b\000j\000e\000c\000t\000i\000v\000e\000F\000u\000n\000c\000t\000i\000o\000n}{subsection.5.19.1}% 65
\BOOKMARK [1][-]{section.5.20}{\376\377\000H\000i\000e\000r\000a\000r\000c\000h\000i\000c\000a\000l\000S\000e\000t\000\040\000C\000l\000a\000s\000s\000\040\000R\000e\000f\000e\000r\000e\000n\000c\000e}{chapter.5}% 66
\BOOKMARK [2][-]{subsection.5.20.1}{\376\377\000M\000e\000m\000b\000e\000r\000\040\000F\000u\000n\000c\000t\000i\000o\000n\000\040\000D\000o\000c\000u\000m\000e\000n\000t\000a\000t\000i\000o\000n}{section.5.20}% 67
\BOOKMARK [3][-]{subsubsection.5.20.1.1}{\376\377\000c\000o\000m\000p\000u\000t\000e\000O\000p\000t\000i\000m\000a\000l\000P\000a\000r\000t\000i\000t\000i\000o\000n}{subsection.5.20.1}% 68
\BOOKMARK [3][-]{subsubsection.5.20.1.2}{\376\377\000g\000e\000t\000O\000p\000t\000i\000m\000a\000l\000P\000a\000r\000t\000i\000t\000i\000o\000n}{subsection.5.20.1}% 69
\BOOKMARK [3][-]{subsubsection.5.20.1.3}{\376\377\000p\000r\000i\000n\000t\000O\000p\000t\000i\000m\000a\000l\000P\000a\000r\000t\000i\000t\000i\000o\000n}{subsection.5.20.1}% 70
\BOOKMARK [3][-]{subsubsection.5.20.1.4}{\376\377\000s\000e\000t\000O\000b\000j\000e\000c\000t\000i\000v\000e\000F\000u\000n\000c\000t\000i\000o\000n}{subsection.5.20.1}% 71
\BOOKMARK [1][-]{section.5.21}{\376\377\000H\000i\000e\000r\000a\000r\000c\000h\000i\000c\000a\000l\000U\000n\000i\000S\000e\000t\000\040\000C\000l\000a\000s\000s\000\040\000R\000e\000f\000e\000r\000e\000n\000c\000e}{chapter.5}% 72
\BOOKMARK [2][-]{subsection.5.21.1}{\376\377\000D\000e\000t\000a\000i\000l\000e\000d\000\040\000D\000e\000s\000c\000r\000i\000p\000t\000i\000o\000n}{section.5.21}% 73
\BOOKMARK [2][-]{subsection.5.21.2}{\376\377\000C\000o\000n\000s\000t\000r\000u\000c\000t\000o\000r\000\040\000\046\000\040\000D\000e\000s\000t\000r\000u\000c\000t\000o\000r\000\040\000D\000o\000c\000u\000m\000e\000n\000t\000a\000t\000i\000o\000n}{section.5.21}% 74
\BOOKMARK [3][-]{subsubsection.5.21.2.1}{\376\377\000H\000i\000e\000r\000a\000r\000c\000h\000i\000c\000a\000l\000U\000n\000i\000S\000e\000t}{subsection.5.21.2}% 75
\BOOKMARK [1][-]{section.5.22}{\376\377\000H\000N\000o\000d\000e\000\040\000C\000l\000a\000s\000s\000\040\000R\000e\000f\000e\000r\000e\000n\000c\000e}{chapter.5}% 76
\BOOKMARK [1][-]{section.5.23}{\376\377\000H\000O\000N\000o\000d\000e\000\040\000C\000l\000a\000s\000s\000\040\000R\000e\000f\000e\000r\000e\000n\000c\000e}{chapter.5}% 77
\BOOKMARK [1][-]{section.5.24}{\376\377\000I\000n\000f\000o\000r\000m\000a\000t\000i\000o\000n\000B\000o\000t\000t\000l\000e\000n\000e\000c\000k\000\040\000C\000l\000a\000s\000s\000\040\000R\000e\000f\000e\000r\000e\000n\000c\000e}{chapter.5}% 78
\BOOKMARK [1][-]{section.5.25}{\376\377\000L\000o\000g\000a\000r\000i\000t\000h\000m\000i\000c\000S\000c\000o\000r\000e\000\040\000C\000l\000a\000s\000s\000\040\000R\000e\000f\000e\000r\000e\000n\000c\000e}{chapter.5}% 79
\BOOKMARK [2][-]{subsection.5.25.1}{\376\377\000D\000e\000t\000a\000i\000l\000e\000d\000\040\000D\000e\000s\000c\000r\000i\000p\000t\000i\000o\000n}{section.5.25}% 80
\BOOKMARK [2][-]{subsection.5.25.2}{\376\377\000C\000o\000n\000s\000t\000r\000u\000c\000t\000o\000r\000\040\000\046\000\040\000D\000e\000s\000t\000r\000u\000c\000t\000o\000r\000\040\000D\000o\000c\000u\000m\000e\000n\000t\000a\000t\000i\000o\000n}{section.5.25}% 81
\BOOKMARK [3][-]{subsubsection.5.25.2.1}{\376\377\000L\000o\000g\000a\000r\000i\000t\000h\000m\000i\000c\000S\000c\000o\000r\000e}{subsection.5.25.2}% 82
\BOOKMARK [1][-]{section.5.26}{\376\377\000L\000o\000g\000a\000r\000i\000t\000h\000m\000i\000c\000S\000c\000o\000r\000e\000V\000a\000l\000u\000e\000\040\000C\000l\000a\000s\000s\000\040\000R\000e\000f\000e\000r\000e\000n\000c\000e}{chapter.5}% 83
\BOOKMARK [1][-]{section.5.27}{\376\377\000M\000a\000c\000r\000o\000V\000o\000t\000e\000r\000M\000e\000a\000s\000u\000r\000e\000m\000e\000n\000t\000\040\000C\000l\000a\000s\000s\000\040\000R\000e\000f\000e\000r\000e\000n\000c\000e}{chapter.5}% 84
\BOOKMARK [2][-]{subsection.5.27.1}{\376\377\000D\000e\000t\000a\000i\000l\000e\000d\000\040\000D\000e\000s\000c\000r\000i\000p\000t\000i\000o\000n}{section.5.27}% 85
\BOOKMARK [2][-]{subsection.5.27.2}{\376\377\000C\000o\000n\000s\000t\000r\000u\000c\000t\000o\000r\000\040\000\046\000\040\000D\000e\000s\000t\000r\000u\000c\000t\000o\000r\000\040\000D\000o\000c\000u\000m\000e\000n\000t\000a\000t\000i\000o\000n}{section.5.27}% 86
\BOOKMARK [3][-]{subsubsection.5.27.2.1}{\376\377\000M\000a\000c\000r\000o\000V\000o\000t\000e\000r\000M\000e\000a\000s\000u\000r\000e\000m\000e\000n\000t}{subsection.5.27.2}% 87
\BOOKMARK [1][-]{section.5.28}{\376\377\000M\000a\000r\000k\000o\000v\000D\000a\000t\000a\000S\000e\000t\000\040\000C\000l\000a\000s\000s\000\040\000R\000e\000f\000e\000r\000e\000n\000c\000e}{chapter.5}% 88
\BOOKMARK [1][-]{section.5.29}{\376\377\000M\000a\000r\000k\000o\000v\000P\000r\000o\000c\000e\000s\000s\000\040\000C\000l\000a\000s\000s\000\040\000R\000e\000f\000e\000r\000e\000n\000c\000e}{chapter.5}% 89
\BOOKMARK [2][-]{subsection.5.29.1}{\376\377\000D\000e\000t\000a\000i\000l\000e\000d\000\040\000D\000e\000s\000c\000r\000i\000p\000t\000i\000o\000n}{section.5.29}% 90
\BOOKMARK [2][-]{subsection.5.29.2}{\376\377\000C\000o\000n\000s\000t\000r\000u\000c\000t\000o\000r\000\040\000\046\000\040\000D\000e\000s\000t\000r\000u\000c\000t\000o\000r\000\040\000D\000o\000c\000u\000m\000e\000n\000t\000a\000t\000i\000o\000n}{section.5.29}% 91
\BOOKMARK [3][-]{subsubsection.5.29.2.1}{\376\377\000M\000a\000r\000k\000o\000v\000P\000r\000o\000c\000e\000s\000s}{subsection.5.29.2}% 92
\BOOKMARK [2][-]{subsection.5.29.3}{\376\377\000M\000e\000m\000b\000e\000r\000\040\000F\000u\000n\000c\000t\000i\000o\000n\000\040\000D\000o\000c\000u\000m\000e\000n\000t\000a\000t\000i\000o\000n}{section.5.29}% 93
\BOOKMARK [3][-]{subsubsection.5.29.3.1}{\376\377\000c\000o\000m\000p\000u\000t\000e\000S\000t\000a\000t\000i\000o\000n\000a\000r\000y\000D\000i\000s\000t\000r\000i\000b\000u\000t\000i\000o\000n}{subsection.5.29.3}% 94
\BOOKMARK [3][-]{subsubsection.5.29.3.2}{\376\377\000c\000o\000m\000p\000u\000t\000e\000T\000r\000a\000j\000e\000c\000t\000o\000r\000y}{subsection.5.29.3}% 95
\BOOKMARK [3][-]{subsubsection.5.29.3.3}{\376\377\000s\000e\000t\000D\000i\000s\000t\000r\000i\000b\000u\000t\000i\000o\000n}{subsection.5.29.3}% 96
\BOOKMARK [3][-]{subsubsection.5.29.3.4}{\376\377\000s\000e\000t\000T\000r\000a\000n\000s\000i\000t\000i\000o\000n}{subsection.5.29.3}% 97
\BOOKMARK [3][-]{subsubsection.5.29.3.5}{\376\377\000s\000e\000t\000T\000r\000a\000n\000s\000i\000t\000i\000o\000n}{subsection.5.29.3}% 98
\BOOKMARK [2][-]{subsection.5.29.4}{\376\377\000M\000e\000m\000b\000e\000r\000\040\000D\000a\000t\000a\000\040\000D\000o\000c\000u\000m\000e\000n\000t\000a\000t\000i\000o\000n}{section.5.29}% 99
\BOOKMARK [3][-]{subsubsection.5.29.4.1}{\376\377\000d\000i\000s\000t\000r\000i\000b\000u\000t\000i\000o\000n}{subsection.5.29.4}% 100
\BOOKMARK [3][-]{subsubsection.5.29.4.2}{\376\377\000d\000i\000s\000t\000r\000i\000b\000u\000t\000i\000o\000n\000s}{subsection.5.29.4}% 101
\BOOKMARK [3][-]{subsubsection.5.29.4.3}{\376\377\000l\000a\000s\000t\000D\000e\000l\000a\000y}{subsection.5.29.4}% 102
\BOOKMARK [3][-]{subsubsection.5.29.4.4}{\376\377\000l\000a\000s\000t\000T\000i\000m\000e}{subsection.5.29.4}% 103
\BOOKMARK [3][-]{subsubsection.5.29.4.5}{\376\377\000s\000i\000z\000e}{subsection.5.29.4}% 104
\BOOKMARK [3][-]{subsubsection.5.29.4.6}{\376\377\000t\000r\000a\000n\000s\000i\000t\000i\000o\000n}{subsection.5.29.4}% 105
\BOOKMARK [3][-]{subsubsection.5.29.4.7}{\376\377\000t\000r\000a\000n\000s\000i\000t\000i\000o\000n\000s}{subsection.5.29.4}% 106
\BOOKMARK [1][-]{section.5.30}{\376\377\000M\000a\000r\000k\000o\000v\000T\000r\000a\000j\000e\000c\000t\000o\000r\000y\000\040\000C\000l\000a\000s\000s\000\040\000R\000e\000f\000e\000r\000e\000n\000c\000e}{chapter.5}% 107
\BOOKMARK [1][-]{section.5.31}{\376\377\000M\000i\000c\000r\000o\000V\000o\000t\000e\000r\000M\000e\000a\000s\000u\000r\000e\000m\000e\000n\000t\000\040\000C\000l\000a\000s\000s\000\040\000R\000e\000f\000e\000r\000e\000n\000c\000e}{chapter.5}% 108
\BOOKMARK [2][-]{subsection.5.31.1}{\376\377\000D\000e\000t\000a\000i\000l\000e\000d\000\040\000D\000e\000s\000c\000r\000i\000p\000t\000i\000o\000n}{section.5.31}% 109
\BOOKMARK [2][-]{subsection.5.31.2}{\376\377\000C\000o\000n\000s\000t\000r\000u\000c\000t\000o\000r\000\040\000\046\000\040\000D\000e\000s\000t\000r\000u\000c\000t\000o\000r\000\040\000D\000o\000c\000u\000m\000e\000n\000t\000a\000t\000i\000o\000n}{section.5.31}% 110
\BOOKMARK [3][-]{subsubsection.5.31.2.1}{\376\377\000M\000i\000c\000r\000o\000V\000o\000t\000e\000r\000M\000e\000a\000s\000u\000r\000e\000m\000e\000n\000t}{subsection.5.31.2}% 111
\BOOKMARK [1][-]{section.5.32}{\376\377\000M\000u\000l\000t\000i\000P\000a\000r\000t\000\040\000C\000l\000a\000s\000s\000\040\000R\000e\000f\000e\000r\000e\000n\000c\000e}{chapter.5}% 112
\BOOKMARK [2][-]{subsection.5.32.1}{\376\377\000D\000e\000t\000a\000i\000l\000e\000d\000\040\000D\000e\000s\000c\000r\000i\000p\000t\000i\000o\000n}{section.5.32}% 113
\BOOKMARK [1][-]{section.5.33}{\376\377\000M\000u\000l\000t\000i\000S\000e\000t\000\040\000C\000l\000a\000s\000s\000\040\000R\000e\000f\000e\000r\000e\000n\000c\000e}{chapter.5}% 114
\BOOKMARK [2][-]{subsection.5.33.1}{\376\377\000D\000e\000t\000a\000i\000l\000e\000d\000\040\000D\000e\000s\000c\000r\000i\000p\000t\000i\000o\000n}{section.5.33}% 115
\BOOKMARK [2][-]{subsection.5.33.2}{\376\377\000C\000o\000n\000s\000t\000r\000u\000c\000t\000o\000r\000\040\000\046\000\040\000D\000e\000s\000t\000r\000u\000c\000t\000o\000r\000\040\000D\000o\000c\000u\000m\000e\000n\000t\000a\000t\000i\000o\000n}{section.5.33}% 116
\BOOKMARK [3][-]{subsubsection.5.33.2.1}{\376\377\000M\000u\000l\000t\000i\000S\000e\000t}{subsection.5.33.2}% 117
\BOOKMARK [3][-]{subsubsection.5.33.2.2}{\376\377\000M\000u\000l\000t\000i\000S\000e\000t}{subsection.5.33.2}% 118
\BOOKMARK [3][-]{subsubsection.5.33.2.3}{\376\377\000M\000u\000l\000t\000i\000S\000e\000t}{subsection.5.33.2}% 119
\BOOKMARK [3][-]{subsubsection.5.33.2.4}{\376\377\000M\000u\000l\000t\000i\000S\000e\000t}{subsection.5.33.2}% 120
\BOOKMARK [2][-]{subsection.5.33.3}{\376\377\000M\000e\000m\000b\000e\000r\000\040\000F\000u\000n\000c\000t\000i\000o\000n\000\040\000D\000o\000c\000u\000m\000e\000n\000t\000a\000t\000i\000o\000n}{section.5.33}% 121
\BOOKMARK [3][-]{subsubsection.5.33.3.1}{\376\377\000c\000o\000m\000p\000u\000t\000e\000O\000p\000t\000i\000m\000a\000l\000P\000a\000r\000t\000i\000t\000i\000o\000n}{subsection.5.33.3}% 122
\BOOKMARK [3][-]{subsubsection.5.33.3.2}{\376\377\000g\000e\000t\000A\000t\000o\000m\000i\000c\000M\000u\000l\000t\000i\000S\000u\000b\000s\000e\000t}{subsection.5.33.3}% 123
\BOOKMARK [3][-]{subsubsection.5.33.3.3}{\376\377\000g\000e\000t\000A\000t\000o\000m\000i\000c\000M\000u\000l\000t\000i\000S\000u\000b\000s\000e\000t}{subsection.5.33.3}% 124
\BOOKMARK [3][-]{subsubsection.5.33.3.4}{\376\377\000g\000e\000t\000O\000p\000t\000i\000m\000a\000l\000P\000a\000r\000t\000i\000t\000i\000o\000n}{subsection.5.33.3}% 125
\BOOKMARK [3][-]{subsubsection.5.33.3.5}{\376\377\000g\000e\000t\000R\000a\000n\000d\000o\000m\000A\000t\000o\000m\000i\000c\000M\000u\000l\000t\000i\000S\000u\000b\000s\000e\000t}{subsection.5.33.3}% 126
\BOOKMARK [3][-]{subsubsection.5.33.3.6}{\376\377\000p\000r\000i\000n\000t\000O\000p\000t\000i\000m\000a\000l\000P\000a\000r\000t\000i\000t\000i\000o\000n}{subsection.5.33.3}% 127
\BOOKMARK [3][-]{subsubsection.5.33.3.7}{\376\377\000s\000e\000t\000O\000b\000j\000e\000c\000t\000i\000v\000e\000F\000u\000n\000c\000t\000i\000o\000n}{subsection.5.33.3}% 128
\BOOKMARK [1][-]{section.5.34}{\376\377\000M\000u\000l\000t\000i\000S\000u\000b\000s\000e\000t\000\040\000C\000l\000a\000s\000s\000\040\000R\000e\000f\000e\000r\000e\000n\000c\000e}{chapter.5}% 129
\BOOKMARK [1][-]{section.5.35}{\376\377\000N\000H\000O\000N\000o\000d\000e\000\040\000C\000l\000a\000s\000s\000\040\000R\000e\000f\000e\000r\000e\000n\000c\000e}{chapter.5}% 130
\BOOKMARK [1][-]{section.5.36}{\376\377\000N\000H\000O\000S\000e\000t\000\040\000C\000l\000a\000s\000s\000\040\000R\000e\000f\000e\000r\000e\000n\000c\000e}{chapter.5}% 131
\BOOKMARK [2][-]{subsection.5.36.1}{\376\377\000M\000e\000m\000b\000e\000r\000\040\000F\000u\000n\000c\000t\000i\000o\000n\000\040\000D\000o\000c\000u\000m\000e\000n\000t\000a\000t\000i\000o\000n}{section.5.36}% 132
\BOOKMARK [3][-]{subsubsection.5.36.1.1}{\376\377\000c\000o\000m\000p\000u\000t\000e\000O\000p\000t\000i\000m\000a\000l\000P\000a\000r\000t\000i\000t\000i\000o\000n}{subsection.5.36.1}% 133
\BOOKMARK [3][-]{subsubsection.5.36.1.2}{\376\377\000g\000e\000t\000O\000p\000t\000i\000m\000a\000l\000P\000a\000r\000t\000i\000t\000i\000o\000n}{subsection.5.36.1}% 134
\BOOKMARK [3][-]{subsubsection.5.36.1.3}{\376\377\000p\000r\000i\000n\000t\000O\000p\000t\000i\000m\000a\000l\000P\000a\000r\000t\000i\000t\000i\000o\000n}{subsection.5.36.1}% 135
\BOOKMARK [3][-]{subsubsection.5.36.1.4}{\376\377\000s\000e\000t\000O\000b\000j\000e\000c\000t\000i\000v\000e\000F\000u\000n\000c\000t\000i\000o\000n}{subsection.5.36.1}% 136
\BOOKMARK [1][-]{section.5.37}{\376\377\000N\000o\000n\000c\000o\000n\000s\000t\000r\000a\000i\000n\000e\000d\000O\000r\000d\000e\000r\000e\000d\000S\000e\000t\000\040\000C\000l\000a\000s\000s\000\040\000R\000e\000f\000e\000r\000e\000n\000c\000e}{chapter.5}% 137
\BOOKMARK [2][-]{subsection.5.37.1}{\376\377\000M\000e\000m\000b\000e\000r\000\040\000F\000u\000n\000c\000t\000i\000o\000n\000\040\000D\000o\000c\000u\000m\000e\000n\000t\000a\000t\000i\000o\000n}{section.5.37}% 138
\BOOKMARK [3][-]{subsubsection.5.37.1.1}{\376\377\000c\000o\000m\000p\000u\000t\000e\000O\000p\000t\000i\000m\000a\000l\000P\000a\000r\000t\000i\000t\000i\000o\000n}{subsection.5.37.1}% 139
\BOOKMARK [3][-]{subsubsection.5.37.1.2}{\376\377\000g\000e\000t\000O\000p\000t\000i\000m\000a\000l\000P\000a\000r\000t\000i\000t\000i\000o\000n}{subsection.5.37.1}% 140
\BOOKMARK [3][-]{subsubsection.5.37.1.3}{\376\377\000p\000r\000i\000n\000t\000O\000p\000t\000i\000m\000a\000l\000P\000a\000r\000t\000i\000t\000i\000o\000n}{subsection.5.37.1}% 141
\BOOKMARK [3][-]{subsubsection.5.37.1.4}{\376\377\000s\000e\000t\000O\000b\000j\000e\000c\000t\000i\000v\000e\000F\000u\000n\000c\000t\000i\000o\000n}{subsection.5.37.1}% 142
\BOOKMARK [1][-]{section.5.38}{\376\377\000N\000o\000n\000c\000o\000n\000s\000t\000r\000a\000i\000n\000e\000d\000S\000e\000t\000\040\000C\000l\000a\000s\000s\000\040\000R\000e\000f\000e\000r\000e\000n\000c\000e}{chapter.5}% 143
\BOOKMARK [2][-]{subsection.5.38.1}{\376\377\000M\000e\000m\000b\000e\000r\000\040\000F\000u\000n\000c\000t\000i\000o\000n\000\040\000D\000o\000c\000u\000m\000e\000n\000t\000a\000t\000i\000o\000n}{section.5.38}% 144
\BOOKMARK [3][-]{subsubsection.5.38.1.1}{\376\377\000c\000o\000m\000p\000u\000t\000e\000O\000p\000t\000i\000m\000a\000l\000P\000a\000r\000t\000i\000t\000i\000o\000n}{subsection.5.38.1}% 145
\BOOKMARK [3][-]{subsubsection.5.38.1.2}{\376\377\000g\000e\000t\000O\000p\000t\000i\000m\000a\000l\000P\000a\000r\000t\000i\000t\000i\000o\000n}{subsection.5.38.1}% 146
\BOOKMARK [3][-]{subsubsection.5.38.1.3}{\376\377\000p\000r\000i\000n\000t\000O\000p\000t\000i\000m\000a\000l\000P\000a\000r\000t\000i\000t\000i\000o\000n}{subsection.5.38.1}% 147
\BOOKMARK [3][-]{subsubsection.5.38.1.4}{\376\377\000s\000e\000t\000O\000b\000j\000e\000c\000t\000i\000v\000e\000F\000u\000n\000c\000t\000i\000o\000n}{subsection.5.38.1}% 148
\BOOKMARK [1][-]{section.5.39}{\376\377\000O\000b\000j\000e\000c\000t\000i\000v\000e\000F\000u\000n\000c\000t\000i\000o\000n\000\040\000C\000l\000a\000s\000s\000\040\000R\000e\000f\000e\000r\000e\000n\000c\000e}{chapter.5}% 149
\BOOKMARK [2][-]{subsection.5.39.1}{\376\377\000D\000e\000t\000a\000i\000l\000e\000d\000\040\000D\000e\000s\000c\000r\000i\000p\000t\000i\000o\000n}{section.5.39}% 150
\BOOKMARK [2][-]{subsection.5.39.2}{\376\377\000C\000o\000n\000s\000t\000r\000u\000c\000t\000o\000r\000\040\000\046\000\040\000D\000e\000s\000t\000r\000u\000c\000t\000o\000r\000\040\000D\000o\000c\000u\000m\000e\000n\000t\000a\000t\000i\000o\000n}{section.5.39}% 151
\BOOKMARK [3][-]{subsubsection.5.39.2.1}{\376\377\000O\000b\000j\000e\000c\000t\000i\000v\000e\000F\000u\000n\000c\000t\000i\000o\000n}{subsection.5.39.2}% 152
\BOOKMARK [1][-]{section.5.40}{\376\377\000O\000b\000j\000e\000c\000t\000i\000v\000e\000V\000a\000l\000u\000e\000\040\000C\000l\000a\000s\000s\000\040\000R\000e\000f\000e\000r\000e\000n\000c\000e}{chapter.5}% 153
\BOOKMARK [1][-]{section.5.41}{\376\377\000O\000r\000d\000e\000r\000e\000d\000D\000a\000t\000a\000t\000r\000e\000e\000\040\000C\000l\000a\000s\000s\000\040\000R\000e\000f\000e\000r\000e\000n\000c\000e}{chapter.5}% 154
\BOOKMARK [1][-]{section.5.42}{\376\377\000O\000r\000d\000e\000r\000e\000d\000P\000a\000r\000t\000i\000t\000i\000o\000n\000\040\000C\000l\000a\000s\000s\000\040\000R\000e\000f\000e\000r\000e\000n\000c\000e}{chapter.5}% 155
\BOOKMARK [1][-]{section.5.43}{\376\377\000O\000r\000d\000e\000r\000e\000d\000S\000e\000t\000\040\000C\000l\000a\000s\000s\000\040\000R\000e\000f\000e\000r\000e\000n\000c\000e}{chapter.5}% 156
\BOOKMARK [2][-]{subsection.5.43.1}{\376\377\000M\000e\000m\000b\000e\000r\000\040\000F\000u\000n\000c\000t\000i\000o\000n\000\040\000D\000o\000c\000u\000m\000e\000n\000t\000a\000t\000i\000o\000n}{section.5.43}% 157
\BOOKMARK [3][-]{subsubsection.5.43.1.1}{\376\377\000c\000o\000m\000p\000u\000t\000e\000O\000p\000t\000i\000m\000a\000l\000P\000a\000r\000t\000i\000t\000i\000o\000n}{subsection.5.43.1}% 158
\BOOKMARK [3][-]{subsubsection.5.43.1.2}{\376\377\000g\000e\000t\000O\000p\000t\000i\000m\000a\000l\000P\000a\000r\000t\000i\000t\000i\000o\000n}{subsection.5.43.1}% 159
\BOOKMARK [3][-]{subsubsection.5.43.1.3}{\376\377\000p\000r\000i\000n\000t\000O\000p\000t\000i\000m\000a\000l\000P\000a\000r\000t\000i\000t\000i\000o\000n}{subsection.5.43.1}% 160
\BOOKMARK [3][-]{subsubsection.5.43.1.4}{\376\377\000s\000e\000t\000O\000b\000j\000e\000c\000t\000i\000v\000e\000F\000u\000n\000c\000t\000i\000o\000n}{subsection.5.43.1}% 161
\BOOKMARK [1][-]{section.5.44}{\376\377\000O\000r\000d\000e\000r\000e\000d\000U\000n\000i\000S\000e\000t\000\040\000C\000l\000a\000s\000s\000\040\000R\000e\000f\000e\000r\000e\000n\000c\000e}{chapter.5}% 162
\BOOKMARK [2][-]{subsection.5.44.1}{\376\377\000D\000e\000t\000a\000i\000l\000e\000d\000\040\000D\000e\000s\000c\000r\000i\000p\000t\000i\000o\000n}{section.5.44}% 163
\BOOKMARK [2][-]{subsection.5.44.2}{\376\377\000C\000o\000n\000s\000t\000r\000u\000c\000t\000o\000r\000\040\000\046\000\040\000D\000e\000s\000t\000r\000u\000c\000t\000o\000r\000\040\000D\000o\000c\000u\000m\000e\000n\000t\000a\000t\000i\000o\000n}{section.5.44}% 164
\BOOKMARK [3][-]{subsubsection.5.44.2.1}{\376\377\000O\000r\000d\000e\000r\000e\000d\000U\000n\000i\000S\000e\000t}{subsection.5.44.2}% 165
\BOOKMARK [1][-]{section.5.45}{\376\377\000P\000a\000r\000t\000\040\000C\000l\000a\000s\000s\000\040\000R\000e\000f\000e\000r\000e\000n\000c\000e}{chapter.5}% 166
\BOOKMARK [2][-]{subsection.5.45.1}{\376\377\000D\000e\000t\000a\000i\000l\000e\000d\000\040\000D\000e\000s\000c\000r\000i\000p\000t\000i\000o\000n}{section.5.45}% 167
\BOOKMARK [1][-]{section.5.46}{\376\377\000P\000a\000r\000t\000i\000t\000i\000o\000n\000\040\000C\000l\000a\000s\000s\000\040\000R\000e\000f\000e\000r\000e\000n\000c\000e}{chapter.5}% 168
\BOOKMARK [2][-]{subsection.5.46.1}{\376\377\000D\000e\000t\000a\000i\000l\000e\000d\000\040\000D\000e\000s\000c\000r\000i\000p\000t\000i\000o\000n}{section.5.46}% 169
\BOOKMARK [1][-]{section.5.47}{\376\377\000P\000r\000e\000d\000i\000c\000t\000i\000o\000n\000D\000a\000t\000a\000s\000e\000t\000\040\000C\000l\000a\000s\000s\000\040\000R\000e\000f\000e\000r\000e\000n\000c\000e}{chapter.5}% 170
\BOOKMARK [2][-]{subsection.5.47.1}{\376\377\000D\000e\000t\000a\000i\000l\000e\000d\000\040\000D\000e\000s\000c\000r\000i\000p\000t\000i\000o\000n}{section.5.47}% 171
\BOOKMARK [2][-]{subsection.5.47.2}{\376\377\000C\000o\000n\000s\000t\000r\000u\000c\000t\000o\000r\000\040\000\046\000\040\000D\000e\000s\000t\000r\000u\000c\000t\000o\000r\000\040\000D\000o\000c\000u\000m\000e\000n\000t\000a\000t\000i\000o\000n}{section.5.47}% 172
\BOOKMARK [3][-]{subsubsection.5.47.2.1}{\376\377\000P\000r\000e\000d\000i\000c\000t\000i\000o\000n\000D\000a\000t\000a\000s\000e\000t}{subsection.5.47.2}% 173
\BOOKMARK [2][-]{subsection.5.47.3}{\376\377\000M\000e\000m\000b\000e\000r\000\040\000F\000u\000n\000c\000t\000i\000o\000n\000\040\000D\000o\000c\000u\000m\000e\000n\000t\000a\000t\000i\000o\000n}{section.5.47}% 174
\BOOKMARK [3][-]{subsubsection.5.47.3.1}{\376\377\000a\000d\000d\000T\000e\000s\000t\000V\000a\000l\000u\000e}{subsection.5.47.3}% 175
\BOOKMARK [3][-]{subsubsection.5.47.3.2}{\376\377\000a\000d\000d\000T\000e\000s\000t\000V\000a\000l\000u\000e}{subsection.5.47.3}% 176
\BOOKMARK [3][-]{subsubsection.5.47.3.3}{\376\377\000a\000d\000d\000T\000r\000a\000i\000n\000V\000a\000l\000u\000e}{subsection.5.47.3}% 177
\BOOKMARK [3][-]{subsubsection.5.47.3.4}{\376\377\000a\000d\000d\000T\000r\000a\000i\000n\000V\000a\000l\000u\000e}{subsection.5.47.3}% 178
\BOOKMARK [3][-]{subsubsection.5.47.3.5}{\376\377\000p\000r\000i\000n\000t}{subsection.5.47.3}% 179
\BOOKMARK [1][-]{section.5.48}{\376\377\000R\000a\000n\000d\000o\000m\000G\000r\000a\000p\000h\000\040\000C\000l\000a\000s\000s\000\040\000R\000e\000f\000e\000r\000e\000n\000c\000e}{chapter.5}% 180
\BOOKMARK [1][-]{section.5.49}{\376\377\000R\000e\000l\000a\000t\000i\000v\000e\000E\000n\000t\000r\000o\000p\000y\000\040\000C\000l\000a\000s\000s\000\040\000R\000e\000f\000e\000r\000e\000n\000c\000e}{chapter.5}% 181
\BOOKMARK [1][-]{section.5.50}{\376\377\000R\000e\000l\000a\000t\000i\000v\000e\000O\000b\000j\000e\000c\000t\000i\000v\000e\000V\000a\000l\000u\000e\000\040\000C\000l\000a\000s\000s\000\040\000R\000e\000f\000e\000r\000e\000n\000c\000e}{chapter.5}% 182
\BOOKMARK [1][-]{section.5.51}{\376\377\000R\000i\000n\000g\000\040\000C\000l\000a\000s\000s\000\040\000R\000e\000f\000e\000r\000e\000n\000c\000e}{chapter.5}% 183
\BOOKMARK [2][-]{subsection.5.51.1}{\376\377\000M\000e\000m\000b\000e\000r\000\040\000F\000u\000n\000c\000t\000i\000o\000n\000\040\000D\000o\000c\000u\000m\000e\000n\000t\000a\000t\000i\000o\000n}{section.5.51}% 184
\BOOKMARK [3][-]{subsubsection.5.51.1.1}{\376\377\000c\000o\000m\000p\000u\000t\000e\000O\000p\000t\000i\000m\000a\000l\000P\000a\000r\000t\000i\000t\000i\000o\000n}{subsection.5.51.1}% 185
\BOOKMARK [3][-]{subsubsection.5.51.1.2}{\376\377\000g\000e\000t\000O\000p\000t\000i\000m\000a\000l\000P\000a\000r\000t\000i\000t\000i\000o\000n}{subsection.5.51.1}% 186
\BOOKMARK [3][-]{subsubsection.5.51.1.3}{\376\377\000p\000r\000i\000n\000t\000O\000p\000t\000i\000m\000a\000l\000P\000a\000r\000t\000i\000t\000i\000o\000n}{subsection.5.51.1}% 187
\BOOKMARK [3][-]{subsubsection.5.51.1.4}{\376\377\000s\000e\000t\000O\000b\000j\000e\000c\000t\000i\000v\000e\000F\000u\000n\000c\000t\000i\000o\000n}{subsection.5.51.1}% 188
\BOOKMARK [1][-]{section.5.52}{\376\377\000R\000i\000n\000g\000G\000r\000a\000p\000h\000\040\000C\000l\000a\000s\000s\000\040\000R\000e\000f\000e\000r\000e\000n\000c\000e}{chapter.5}% 189
\BOOKMARK [1][-]{section.5.53}{\376\377\000T\000i\000m\000e\000r\000\040\000C\000l\000a\000s\000s\000\040\000R\000e\000f\000e\000r\000e\000n\000c\000e}{chapter.5}% 190
\BOOKMARK [1][-]{section.5.54}{\376\377\000T\000r\000e\000e\000T\000o\000A\000d\000d\000\040\000S\000t\000r\000u\000c\000t\000\040\000R\000e\000f\000e\000r\000e\000n\000c\000e}{chapter.5}% 191
\BOOKMARK [1][-]{section.5.55}{\376\377\000T\000w\000o\000C\000o\000m\000m\000u\000n\000i\000t\000i\000e\000s\000V\000o\000t\000e\000r\000G\000r\000a\000p\000h\000\040\000C\000l\000a\000s\000s\000\040\000R\000e\000f\000e\000r\000e\000n\000c\000e}{chapter.5}% 192
\BOOKMARK [2][-]{subsection.5.55.1}{\376\377\000D\000e\000t\000a\000i\000l\000e\000d\000\040\000D\000e\000s\000c\000r\000i\000p\000t\000i\000o\000n}{section.5.55}% 193
\BOOKMARK [2][-]{subsection.5.55.2}{\376\377\000C\000o\000n\000s\000t\000r\000u\000c\000t\000o\000r\000\040\000\046\000\040\000D\000e\000s\000t\000r\000u\000c\000t\000o\000r\000\040\000D\000o\000c\000u\000m\000e\000n\000t\000a\000t\000i\000o\000n}{section.5.55}% 194
\BOOKMARK [3][-]{subsubsection.5.55.2.1}{\376\377\000T\000w\000o\000C\000o\000m\000m\000u\000n\000i\000t\000i\000e\000s\000V\000o\000t\000e\000r\000G\000r\000a\000p\000h}{subsection.5.55.2}% 195
\BOOKMARK [2][-]{subsection.5.55.3}{\376\377\000M\000e\000m\000b\000e\000r\000\040\000F\000u\000n\000c\000t\000i\000o\000n\000\040\000D\000o\000c\000u\000m\000e\000n\000t\000a\000t\000i\000o\000n}{section.5.55}% 196
\BOOKMARK [3][-]{subsubsection.5.55.3.1}{\376\377\000g\000e\000t\000C\000o\000m\000p\000a\000c\000t\000M\000a\000r\000k\000o\000v\000P\000a\000r\000t\000i\000t\000i\000o\000n}{subsection.5.55.3}% 197
\BOOKMARK [3][-]{subsubsection.5.55.3.2}{\376\377\000g\000e\000t\000C\000o\000m\000p\000a\000c\000t\000M\000a\000r\000k\000o\000v\000P\000a\000r\000t\000i\000t\000i\000o\000n}{subsection.5.55.3}% 198
\BOOKMARK [3][-]{subsubsection.5.55.3.3}{\376\377\000g\000e\000t\000C\000o\000m\000p\000a\000c\000t\000M\000a\000r\000k\000o\000v\000P\000r\000o\000c\000e\000s\000s}{subsection.5.55.3}% 199
\BOOKMARK [2][-]{subsection.5.55.4}{\376\377\000M\000e\000m\000b\000e\000r\000\040\000D\000a\000t\000a\000\040\000D\000o\000c\000u\000m\000e\000n\000t\000a\000t\000i\000o\000n}{section.5.55}% 200
\BOOKMARK [3][-]{subsubsection.5.55.4.1}{\376\377\000c\000o\000m\000m\000u\000n\000i\000t\000y\0001}{subsection.5.55.4}% 201
\BOOKMARK [3][-]{subsubsection.5.55.4.2}{\376\377\000c\000o\000m\000m\000u\000n\000i\000t\000y\0002}{subsection.5.55.4}% 202
\BOOKMARK [3][-]{subsubsection.5.55.4.3}{\376\377\000c\000o\000n\000t\000r\000a\000r\000i\000a\000n\0001}{subsection.5.55.4}% 203
\BOOKMARK [3][-]{subsubsection.5.55.4.4}{\376\377\000c\000o\000n\000t\000r\000a\000r\000i\000a\000n\0002}{subsection.5.55.4}% 204
\BOOKMARK [3][-]{subsubsection.5.55.4.5}{\376\377\000i\000n\000t\000e\000r\000R\000a\000t\000e\0001}{subsection.5.55.4}% 205
\BOOKMARK [3][-]{subsubsection.5.55.4.6}{\376\377\000i\000n\000t\000e\000r\000R\000a\000t\000e\0002}{subsection.5.55.4}% 206
\BOOKMARK [3][-]{subsubsection.5.55.4.7}{\376\377\000i\000n\000t\000r\000a\000R\000a\000t\000e\0001}{subsection.5.55.4}% 207
\BOOKMARK [3][-]{subsubsection.5.55.4.8}{\376\377\000i\000n\000t\000r\000a\000R\000a\000t\000e\0002}{subsection.5.55.4}% 208
\BOOKMARK [3][-]{subsubsection.5.55.4.9}{\376\377\000s\000i\000z\000e\0001}{subsection.5.55.4}% 209
\BOOKMARK [3][-]{subsubsection.5.55.4.10}{\376\377\000s\000i\000z\000e\0002}{subsection.5.55.4}% 210
\BOOKMARK [1][-]{section.5.56}{\376\377\000U\000n\000i\000S\000e\000t\000\040\000C\000l\000a\000s\000s\000\040\000R\000e\000f\000e\000r\000e\000n\000c\000e}{chapter.5}% 211
\BOOKMARK [2][-]{subsection.5.56.1}{\376\377\000D\000e\000t\000a\000i\000l\000e\000d\000\040\000D\000e\000s\000c\000r\000i\000p\000t\000i\000o\000n}{section.5.56}% 212
\BOOKMARK [2][-]{subsection.5.56.2}{\376\377\000C\000o\000n\000s\000t\000r\000u\000c\000t\000o\000r\000\040\000\046\000\040\000D\000e\000s\000t\000r\000u\000c\000t\000o\000r\000\040\000D\000o\000c\000u\000m\000e\000n\000t\000a\000t\000i\000o\000n}{section.5.56}% 213
\BOOKMARK [3][-]{subsubsection.5.56.2.1}{\376\377\000U\000n\000i\000S\000e\000t}{subsection.5.56.2}% 214
\BOOKMARK [2][-]{subsection.5.56.3}{\376\377\000M\000e\000m\000b\000e\000r\000\040\000F\000u\000n\000c\000t\000i\000o\000n\000\040\000D\000o\000c\000u\000m\000e\000n\000t\000a\000t\000i\000o\000n}{section.5.56}% 215
\BOOKMARK [3][-]{subsubsection.5.56.3.1}{\376\377\000i\000n\000i\000t\000R\000e\000a\000c\000h\000e\000d}{subsection.5.56.3}% 216
\BOOKMARK [1][-]{section.5.57}{\376\377\000U\000n\000i\000S\000u\000b\000s\000e\000t\000\040\000C\000l\000a\000s\000s\000\040\000R\000e\000f\000e\000r\000e\000n\000c\000e}{chapter.5}% 217
\BOOKMARK [2][-]{subsection.5.57.1}{\376\377\000D\000e\000t\000a\000i\000l\000e\000d\000\040\000D\000e\000s\000c\000r\000i\000p\000t\000i\000o\000n}{section.5.57}% 218
\BOOKMARK [2][-]{subsection.5.57.2}{\376\377\000C\000o\000n\000s\000t\000r\000u\000c\000t\000o\000r\000\040\000\046\000\040\000D\000e\000s\000t\000r\000u\000c\000t\000o\000r\000\040\000D\000o\000c\000u\000m\000e\000n\000t\000a\000t\000i\000o\000n}{section.5.57}% 219
\BOOKMARK [3][-]{subsubsection.5.57.2.1}{\376\377\000U\000n\000i\000S\000u\000b\000s\000e\000t}{subsection.5.57.2}% 220
\BOOKMARK [1][-]{section.5.58}{\376\377\000V\000o\000t\000e\000r\000B\000i\000n\000n\000i\000n\000g\000\040\000C\000l\000a\000s\000s\000\040\000R\000e\000f\000e\000r\000e\000n\000c\000e}{chapter.5}% 221
\BOOKMARK [1][-]{section.5.59}{\376\377\000V\000o\000t\000e\000r\000D\000a\000t\000a\000S\000e\000t\000\040\000C\000l\000a\000s\000s\000\040\000R\000e\000f\000e\000r\000e\000n\000c\000e}{chapter.5}% 222
\BOOKMARK [1][-]{section.5.60}{\376\377\000V\000o\000t\000e\000r\000E\000d\000g\000e\000\040\000C\000l\000a\000s\000s\000\040\000R\000e\000f\000e\000r\000e\000n\000c\000e}{chapter.5}% 223
\BOOKMARK [2][-]{subsection.5.60.1}{\376\377\000D\000e\000t\000a\000i\000l\000e\000d\000\040\000D\000e\000s\000c\000r\000i\000p\000t\000i\000o\000n}{section.5.60}% 224
\BOOKMARK [2][-]{subsection.5.60.2}{\376\377\000C\000o\000n\000s\000t\000r\000u\000c\000t\000o\000r\000\040\000\046\000\040\000D\000e\000s\000t\000r\000u\000c\000t\000o\000r\000\040\000D\000o\000c\000u\000m\000e\000n\000t\000a\000t\000i\000o\000n}{section.5.60}% 225
\BOOKMARK [3][-]{subsubsection.5.60.2.1}{\376\377\000V\000o\000t\000e\000r\000E\000d\000g\000e}{subsection.5.60.2}% 226
\BOOKMARK [2][-]{subsection.5.60.3}{\376\377\000M\000e\000m\000b\000e\000r\000\040\000D\000a\000t\000a\000\040\000D\000o\000c\000u\000m\000e\000n\000t\000a\000t\000i\000o\000n}{section.5.60}% 227
\BOOKMARK [3][-]{subsubsection.5.60.3.1}{\376\377\000n\000o\000d\000e\0001}{subsection.5.60.3}% 228
\BOOKMARK [3][-]{subsubsection.5.60.3.2}{\376\377\000n\000o\000d\000e\0002}{subsection.5.60.3}% 229
\BOOKMARK [3][-]{subsubsection.5.60.3.3}{\376\377\000w\000e\000i\000g\000h\000t}{subsection.5.60.3}% 230
\BOOKMARK [1][-]{section.5.61}{\376\377\000V\000o\000t\000e\000r\000G\000r\000a\000p\000h\000\040\000C\000l\000a\000s\000s\000\040\000R\000e\000f\000e\000r\000e\000n\000c\000e}{chapter.5}% 231
\BOOKMARK [2][-]{subsection.5.61.1}{\376\377\000D\000e\000t\000a\000i\000l\000e\000d\000\040\000D\000e\000s\000c\000r\000i\000p\000t\000i\000o\000n}{section.5.61}% 232
\BOOKMARK [2][-]{subsection.5.61.2}{\376\377\000C\000o\000n\000s\000t\000r\000u\000c\000t\000o\000r\000\040\000\046\000\040\000D\000e\000s\000t\000r\000u\000c\000t\000o\000r\000\040\000D\000o\000c\000u\000m\000e\000n\000t\000a\000t\000i\000o\000n}{section.5.61}% 233
\BOOKMARK [3][-]{subsubsection.5.61.2.1}{\376\377\000V\000o\000t\000e\000r\000G\000r\000a\000p\000h}{subsection.5.61.2}% 234
\BOOKMARK [2][-]{subsection.5.61.3}{\376\377\000M\000e\000m\000b\000e\000r\000\040\000F\000u\000n\000c\000t\000i\000o\000n\000\040\000D\000o\000c\000u\000m\000e\000n\000t\000a\000t\000i\000o\000n}{section.5.61}% 235
\BOOKMARK [3][-]{subsubsection.5.61.3.1}{\376\377\000a\000d\000d\000E\000d\000g\000e}{subsection.5.61.3}% 236
\BOOKMARK [3][-]{subsubsection.5.61.3.2}{\376\377\000a\000d\000d\000N\000o\000d\000e}{subsection.5.61.3}% 237
\BOOKMARK [3][-]{subsubsection.5.61.3.3}{\376\377\000g\000e\000t\000M\000a\000r\000k\000o\000v\000P\000a\000r\000t\000i\000t\000i\000o\000n}{subsection.5.61.3}% 238
\BOOKMARK [3][-]{subsubsection.5.61.3.4}{\376\377\000g\000e\000t\000M\000a\000r\000k\000o\000v\000P\000a\000r\000t\000i\000t\000i\000o\000n}{subsection.5.61.3}% 239
\BOOKMARK [3][-]{subsubsection.5.61.3.5}{\376\377\000g\000e\000t\000M\000a\000r\000k\000o\000v\000P\000r\000o\000c\000e\000s\000s}{subsection.5.61.3}% 240
\BOOKMARK [2][-]{subsection.5.61.4}{\376\377\000M\000e\000m\000b\000e\000r\000\040\000D\000a\000t\000a\000\040\000D\000o\000c\000u\000m\000e\000n\000t\000a\000t\000i\000o\000n}{section.5.61}% 241
\BOOKMARK [3][-]{subsubsection.5.61.4.1}{\376\377\000e\000d\000g\000e\000N\000u\000m\000b\000e\000r}{subsection.5.61.4}% 242
\BOOKMARK [3][-]{subsubsection.5.61.4.2}{\376\377\000e\000d\000g\000e\000S\000e\000t}{subsection.5.61.4}% 243
\BOOKMARK [3][-]{subsubsection.5.61.4.3}{\376\377\000e\000d\000g\000e\000W\000e\000i\000g\000h\000t}{subsection.5.61.4}% 244
\BOOKMARK [3][-]{subsubsection.5.61.4.4}{\376\377\000n\000o\000d\000e\000M\000a\000p}{subsection.5.61.4}% 245
\BOOKMARK [3][-]{subsubsection.5.61.4.5}{\376\377\000n\000o\000d\000e\000N\000u\000m\000b\000e\000r}{subsection.5.61.4}% 246
\BOOKMARK [3][-]{subsubsection.5.61.4.6}{\376\377\000n\000o\000d\000e\000S\000e\000t}{subsection.5.61.4}% 247
\BOOKMARK [3][-]{subsubsection.5.61.4.7}{\376\377\000n\000o\000d\000e\000W\000e\000i\000g\000h\000t}{subsection.5.61.4}% 248
\BOOKMARK [3][-]{subsubsection.5.61.4.8}{\376\377\000p\000r\000o\000c\000e\000s\000s}{subsection.5.61.4}% 249
\BOOKMARK [3][-]{subsubsection.5.61.4.9}{\376\377\000u\000p\000d\000a\000t\000e\000P\000r\000o\000c\000e\000s\000s}{subsection.5.61.4}% 250
\BOOKMARK [1][-]{section.5.62}{\376\377\000V\000o\000t\000e\000r\000M\000e\000a\000s\000u\000r\000e\000m\000e\000n\000t\000\040\000C\000l\000a\000s\000s\000\040\000R\000e\000f\000e\000r\000e\000n\000c\000e}{chapter.5}% 251
\BOOKMARK [2][-]{subsection.5.62.1}{\376\377\000D\000e\000t\000a\000i\000l\000e\000d\000\040\000D\000e\000s\000c\000r\000i\000p\000t\000i\000o\000n}{section.5.62}% 252
\BOOKMARK [2][-]{subsection.5.62.2}{\376\377\000C\000o\000n\000s\000t\000r\000u\000c\000t\000o\000r\000\040\000\046\000\040\000D\000e\000s\000t\000r\000u\000c\000t\000o\000r\000\040\000D\000o\000c\000u\000m\000e\000n\000t\000a\000t\000i\000o\000n}{section.5.62}% 253
\BOOKMARK [3][-]{subsubsection.5.62.2.1}{\376\377\000V\000o\000t\000e\000r\000M\000e\000a\000s\000u\000r\000e\000m\000e\000n\000t}{subsection.5.62.2}% 254
\BOOKMARK [2][-]{subsection.5.62.3}{\376\377\000M\000e\000m\000b\000e\000r\000\040\000F\000u\000n\000c\000t\000i\000o\000n\000\040\000D\000o\000c\000u\000m\000e\000n\000t\000a\000t\000i\000o\000n}{section.5.62}% 255
\BOOKMARK [3][-]{subsubsection.5.62.3.1}{\376\377\000a\000d\000d\000P\000r\000o\000b\000e}{subsection.5.62.3}% 256
\BOOKMARK [3][-]{subsubsection.5.62.3.2}{\376\377\000p\000r\000i\000n\000t}{subsection.5.62.3}% 257
\BOOKMARK [2][-]{subsection.5.62.4}{\376\377\000M\000e\000m\000b\000e\000r\000\040\000D\000a\000t\000a\000\040\000D\000o\000c\000u\000m\000e\000n\000t\000a\000t\000i\000o\000n}{section.5.62}% 258
\BOOKMARK [3][-]{subsubsection.5.62.4.1}{\376\377\000g\000r\000a\000p\000h}{subsection.5.62.4}% 259
\BOOKMARK [3][-]{subsubsection.5.62.4.2}{\376\377\000m\000e\000t\000r\000i\000c\000M\000a\000p}{subsection.5.62.4}% 260
\BOOKMARK [3][-]{subsubsection.5.62.4.3}{\376\377\000p\000a\000r\000t\000i\000t\000i\000o\000n}{subsection.5.62.4}% 261
\BOOKMARK [3][-]{subsubsection.5.62.4.4}{\376\377\000p\000r\000o\000b\000e\000M\000a\000p}{subsection.5.62.4}% 262
\BOOKMARK [3][-]{subsubsection.5.62.4.5}{\376\377\000p\000r\000o\000b\000e\000N\000u\000m\000b\000e\000r}{subsection.5.62.4}% 263
\BOOKMARK [3][-]{subsubsection.5.62.4.6}{\376\377\000t\000y\000p\000e}{subsection.5.62.4}% 264
\BOOKMARK [1][-]{section.5.63}{\376\377\000V\000o\000t\000e\000r\000M\000e\000a\000s\000u\000r\000e\000m\000e\000n\000t\000S\000t\000a\000t\000e\000\040\000C\000l\000a\000s\000s\000\040\000R\000e\000f\000e\000r\000e\000n\000c\000e}{chapter.5}% 265
\BOOKMARK [1][-]{section.5.64}{\376\377\000V\000o\000t\000e\000r\000M\000e\000a\000s\000u\000r\000e\000m\000e\000n\000t\000T\000r\000a\000j\000e\000c\000t\000o\000r\000y\000\040\000C\000l\000a\000s\000s\000\040\000R\000e\000f\000e\000r\000e\000n\000c\000e}{chapter.5}% 266
\BOOKMARK [1][-]{section.5.65}{\376\377\000V\000o\000t\000e\000r\000N\000o\000d\000e\000\040\000C\000l\000a\000s\000s\000\040\000R\000e\000f\000e\000r\000e\000n\000c\000e}{chapter.5}% 267
\BOOKMARK [2][-]{subsection.5.65.1}{\376\377\000D\000e\000t\000a\000i\000l\000e\000d\000\040\000D\000e\000s\000c\000r\000i\000p\000t\000i\000o\000n}{section.5.65}% 268
\BOOKMARK [2][-]{subsection.5.65.2}{\376\377\000C\000o\000n\000s\000t\000r\000u\000c\000t\000o\000r\000\040\000\046\000\040\000D\000e\000s\000t\000r\000u\000c\000t\000o\000r\000\040\000D\000o\000c\000u\000m\000e\000n\000t\000a\000t\000i\000o\000n}{section.5.65}% 269
\BOOKMARK [3][-]{subsubsection.5.65.2.1}{\376\377\000V\000o\000t\000e\000r\000N\000o\000d\000e}{subsection.5.65.2}% 270
\BOOKMARK [2][-]{subsection.5.65.3}{\376\377\000M\000e\000m\000b\000e\000r\000\040\000D\000a\000t\000a\000\040\000D\000o\000c\000u\000m\000e\000n\000t\000a\000t\000i\000o\000n}{section.5.65}% 271
\BOOKMARK [3][-]{subsubsection.5.65.3.1}{\376\377\000c\000o\000n\000t\000r\000a\000r\000i\000a\000n}{subsection.5.65.3}% 272
\BOOKMARK [3][-]{subsubsection.5.65.3.2}{\376\377\000i\000d}{subsection.5.65.3}% 273
\BOOKMARK [3][-]{subsubsection.5.65.3.3}{\376\377\000i\000n\000E\000d\000g\000e\000N\000u\000m\000b\000e\000r}{subsection.5.65.3}% 274
\BOOKMARK [3][-]{subsubsection.5.65.3.4}{\376\377\000i\000n\000E\000d\000g\000e\000S\000e\000t}{subsection.5.65.3}% 275
\BOOKMARK [3][-]{subsubsection.5.65.3.5}{\376\377\000i\000n\000E\000d\000g\000e\000W\000e\000i\000g\000h\000t}{subsection.5.65.3}% 276
\BOOKMARK [3][-]{subsubsection.5.65.3.6}{\376\377\000o\000u\000t\000E\000d\000g\000e\000N\000u\000m\000b\000e\000r}{subsection.5.65.3}% 277
\BOOKMARK [3][-]{subsubsection.5.65.3.7}{\376\377\000o\000u\000t\000E\000d\000g\000e\000S\000e\000t}{subsection.5.65.3}% 278
\BOOKMARK [3][-]{subsubsection.5.65.3.8}{\376\377\000o\000u\000t\000E\000d\000g\000e\000W\000e\000i\000g\000h\000t}{subsection.5.65.3}% 279
\BOOKMARK [3][-]{subsubsection.5.65.3.9}{\376\377\000w\000e\000i\000g\000h\000t}{subsection.5.65.3}% 280
\BOOKMARK [1][-]{section.5.66}{\376\377\000V\000o\000t\000e\000r\000P\000r\000o\000b\000e\000\040\000C\000l\000a\000s\000s\000\040\000R\000e\000f\000e\000r\000e\000n\000c\000e}{chapter.5}% 281
\BOOKMARK [2][-]{subsection.5.66.1}{\376\377\000D\000e\000t\000a\000i\000l\000e\000d\000\040\000D\000e\000s\000c\000r\000i\000p\000t\000i\000o\000n}{section.5.66}% 282
\BOOKMARK [2][-]{subsection.5.66.2}{\376\377\000C\000o\000n\000s\000t\000r\000u\000c\000t\000o\000r\000\040\000\046\000\040\000D\000e\000s\000t\000r\000u\000c\000t\000o\000r\000\040\000D\000o\000c\000u\000m\000e\000n\000t\000a\000t\000i\000o\000n}{section.5.66}% 283
\BOOKMARK [3][-]{subsubsection.5.66.2.1}{\376\377\000V\000o\000t\000e\000r\000P\000r\000o\000b\000e}{subsection.5.66.2}% 284
\BOOKMARK [2][-]{subsection.5.66.3}{\376\377\000M\000e\000m\000b\000e\000r\000\040\000F\000u\000n\000c\000t\000i\000o\000n\000\040\000D\000o\000c\000u\000m\000e\000n\000t\000a\000t\000i\000o\000n}{section.5.66}% 285
\BOOKMARK [3][-]{subsubsection.5.66.3.1}{\376\377\000a\000d\000d\000N\000o\000d\000e}{subsection.5.66.3}% 286
\BOOKMARK [3][-]{subsubsection.5.66.3.2}{\376\377\000a\000d\000d\000N\000o\000d\000e\000s}{subsection.5.66.3}% 287
\BOOKMARK [3][-]{subsubsection.5.66.3.3}{\376\377\000p\000r\000i\000n\000t}{subsection.5.66.3}% 288
\BOOKMARK [3][-]{subsubsection.5.66.3.4}{\376\377\000s\000e\000t\000N\000o\000d\000e\000S\000e\000t}{subsection.5.66.3}% 289
\BOOKMARK [2][-]{subsection.5.66.4}{\376\377\000M\000e\000m\000b\000e\000r\000\040\000D\000a\000t\000a\000\040\000D\000o\000c\000u\000m\000e\000n\000t\000a\000t\000i\000o\000n}{section.5.66}% 290
\BOOKMARK [3][-]{subsubsection.5.66.4.1}{\376\377\000g\000r\000a\000p\000h}{subsection.5.66.4}% 291
\BOOKMARK [3][-]{subsubsection.5.66.4.2}{\376\377\000n\000o\000d\000e\000N\000u\000m\000b\000e\000r}{subsection.5.66.4}% 292
\BOOKMARK [3][-]{subsubsection.5.66.4.3}{\376\377\000n\000o\000d\000e\000S\000e\000t}{subsection.5.66.4}% 293
\BOOKMARK [1][-]{section.5.67}{\376\377\000V\000o\000t\000e\000r\000S\000t\000a\000t\000e\000\040\000C\000l\000a\000s\000s\000\040\000R\000e\000f\000e\000r\000e\000n\000c\000e}{chapter.5}% 294
\BOOKMARK [1][-]{section.5.68}{\376\377\000V\000o\000t\000e\000r\000T\000r\000a\000j\000e\000c\000t\000o\000r\000y\000\040\000C\000l\000a\000s\000s\000\040\000R\000e\000f\000e\000r\000e\000n\000c\000e}{chapter.5}% 295
\BOOKMARK [0][-]{chapter.6}{\376\377\000F\000i\000l\000e\000\040\000D\000o\000c\000u\000m\000e\000n\000t\000a\000t\000i\000o\000n}{}% 296
\BOOKMARK [1][-]{section.6.1}{\376\377\000/\000h\000o\000m\000e\000/\000l\000a\000m\000a\000r\000c\000h\000e\000/\000p\000r\000o\000g\000r\000a\000m\000m\000i\000n\000g\000/\000o\000p\000t\000i\000m\000a\000l\000\137\000p\000a\000r\000t\000i\000t\000i\000o\000n\000/\000s\000r\000c\000/\000a\000b\000s\000t\000r\000a\000c\000t\000\137\000s\000e\000t\000.\000h\000p\000p\000\040\000F\000i\000l\000e\000\040\000R\000e\000f\000e\000r\000e\000n\000c\000e}{chapter.6}% 297
\BOOKMARK [2][-]{subsection.6.1.1}{\376\377\000D\000e\000t\000a\000i\000l\000e\000d\000\040\000D\000e\000s\000c\000r\000i\000p\000t\000i\000o\000n}{section.6.1}% 298
\BOOKMARK [1][-]{section.6.2}{\376\377\000/\000h\000o\000m\000e\000/\000l\000a\000m\000a\000r\000c\000h\000e\000/\000p\000r\000o\000g\000r\000a\000m\000m\000i\000n\000g\000/\000o\000p\000t\000i\000m\000a\000l\000\137\000p\000a\000r\000t\000i\000t\000i\000o\000n\000/\000s\000r\000c\000/\000l\000o\000g\000a\000r\000i\000t\000h\000m\000i\000c\000\137\000s\000c\000o\000r\000e\000.\000h\000p\000p\000\040\000F\000i\000l\000e\000\040\000R\000e\000f\000e\000r\000e\000n\000c\000e}{chapter.6}% 299
\BOOKMARK [2][-]{subsection.6.2.1}{\376\377\000D\000e\000t\000a\000i\000l\000e\000d\000\040\000D\000e\000s\000c\000r\000i\000p\000t\000i\000o\000n}{section.6.2}% 300
\BOOKMARK [1][-]{section.6.3}{\376\377\000/\000h\000o\000m\000e\000/\000l\000a\000m\000a\000r\000c\000h\000e\000/\000p\000r\000o\000g\000r\000a\000m\000m\000i\000n\000g\000/\000o\000p\000t\000i\000m\000a\000l\000\137\000p\000a\000r\000t\000i\000t\000i\000o\000n\000/\000s\000r\000c\000/\000m\000a\000r\000k\000o\000v\000\137\000p\000r\000o\000c\000e\000s\000s\000.\000h\000p\000p\000\040\000F\000i\000l\000e\000\040\000R\000e\000f\000e\000r\000e\000n\000c\000e}{chapter.6}% 301
\BOOKMARK [2][-]{subsection.6.3.1}{\376\377\000D\000e\000t\000a\000i\000l\000e\000d\000\040\000D\000e\000s\000c\000r\000i\000p\000t\000i\000o\000n}{section.6.3}% 302
\BOOKMARK [1][-]{section.6.4}{\376\377\000/\000h\000o\000m\000e\000/\000l\000a\000m\000a\000r\000c\000h\000e\000/\000p\000r\000o\000g\000r\000a\000m\000m\000i\000n\000g\000/\000o\000p\000t\000i\000m\000a\000l\000\137\000p\000a\000r\000t\000i\000t\000i\000o\000n\000/\000s\000r\000c\000/\000m\000u\000l\000t\000i\000\137\000s\000e\000t\000.\000h\000p\000p\000\040\000F\000i\000l\000e\000\040\000R\000e\000f\000e\000r\000e\000n\000c\000e}{chapter.6}% 303
\BOOKMARK [2][-]{subsection.6.4.1}{\376\377\000D\000e\000t\000a\000i\000l\000e\000d\000\040\000D\000e\000s\000c\000r\000i\000p\000t\000i\000o\000n}{section.6.4}% 304
\BOOKMARK [1][-]{section.6.5}{\376\377\000/\000h\000o\000m\000e\000/\000l\000a\000m\000a\000r\000c\000h\000e\000/\000p\000r\000o\000g\000r\000a\000m\000m\000i\000n\000g\000/\000o\000p\000t\000i\000m\000a\000l\000\137\000p\000a\000r\000t\000i\000t\000i\000o\000n\000/\000s\000r\000c\000/\000o\000b\000j\000e\000c\000t\000i\000v\000e\000\137\000f\000u\000n\000c\000t\000i\000o\000n\000.\000h\000p\000p\000\040\000F\000i\000l\000e\000\040\000R\000e\000f\000e\000r\000e\000n\000c\000e}{chapter.6}% 305
\BOOKMARK [2][-]{subsection.6.5.1}{\376\377\000D\000e\000t\000a\000i\000l\000e\000d\000\040\000D\000e\000s\000c\000r\000i\000p\000t\000i\000o\000n}{section.6.5}% 306
\BOOKMARK [1][-]{section.6.6}{\376\377\000/\000h\000o\000m\000e\000/\000l\000a\000m\000a\000r\000c\000h\000e\000/\000p\000r\000o\000g\000r\000a\000m\000m\000i\000n\000g\000/\000o\000p\000t\000i\000m\000a\000l\000\137\000p\000a\000r\000t\000i\000t\000i\000o\000n\000/\000s\000r\000c\000/\000p\000r\000e\000d\000i\000c\000t\000i\000o\000n\000\137\000d\000a\000t\000a\000s\000e\000t\000.\000h\000p\000p\000\040\000F\000i\000l\000e\000\040\000R\000e\000f\000e\000r\000e\000n\000c\000e}{chapter.6}% 307
\BOOKMARK [2][-]{subsection.6.6.1}{\376\377\000D\000e\000t\000a\000i\000l\000e\000d\000\040\000D\000e\000s\000c\000r\000i\000p\000t\000i\000o\000n}{section.6.6}% 308
\BOOKMARK [1][-]{section.6.7}{\376\377\000/\000h\000o\000m\000e\000/\000l\000a\000m\000a\000r\000c\000h\000e\000/\000p\000r\000o\000g\000r\000a\000m\000m\000i\000n\000g\000/\000o\000p\000t\000i\000m\000a\000l\000\137\000p\000a\000r\000t\000i\000t\000i\000o\000n\000/\000s\000r\000c\000/\000u\000n\000i\000\137\000s\000e\000t\000.\000h\000p\000p\000\040\000F\000i\000l\000e\000\040\000R\000e\000f\000e\000r\000e\000n\000c\000e}{chapter.6}% 309
\BOOKMARK [2][-]{subsection.6.7.1}{\376\377\000D\000e\000t\000a\000i\000l\000e\000d\000\040\000D\000e\000s\000c\000r\000i\000p\000t\000i\000o\000n}{section.6.7}% 310
\BOOKMARK [1][-]{section.6.8}{\376\377\000/\000h\000o\000m\000e\000/\000l\000a\000m\000a\000r\000c\000h\000e\000/\000p\000r\000o\000g\000r\000a\000m\000m\000i\000n\000g\000/\000o\000p\000t\000i\000m\000a\000l\000\137\000p\000a\000r\000t\000i\000t\000i\000o\000n\000/\000s\000r\000c\000/\000v\000o\000t\000e\000r\000\137\000g\000r\000a\000p\000h\000.\000h\000p\000p\000\040\000F\000i\000l\000e\000\040\000R\000e\000f\000e\000r\000e\000n\000c\000e}{chapter.6}% 311
\BOOKMARK [2][-]{subsection.6.8.1}{\376\377\000D\000e\000t\000a\000i\000l\000e\000d\000\040\000D\000e\000s\000c\000r\000i\000p\000t\000i\000o\000n}{section.6.8}% 312
\BOOKMARK [2][-]{subsection.6.8.2}{\376\377\000E\000n\000u\000m\000e\000r\000a\000t\000i\000o\000n\000\040\000T\000y\000p\000e\000\040\000D\000o\000c\000u\000m\000e\000n\000t\000a\000t\000i\000o\000n}{section.6.8}% 313
\BOOKMARK [3][-]{subsubsection.6.8.2.1}{\376\377\000M\000e\000a\000s\000u\000r\000e\000m\000e\000n\000t\000T\000y\000p\000e}{subsection.6.8.2}% 314
\BOOKMARK [3][-]{subsubsection.6.8.2.2}{\376\377\000U\000p\000d\000a\000t\000e\000P\000r\000o\000c\000e\000s\000s}{subsection.6.8.2}% 315
\BOOKMARK [3][-]{subsubsection.6.8.2.3}{\376\377\000V\000o\000t\000e\000r\000M\000e\000t\000r\000i\000c}{subsection.6.8.2}% 316
\BOOKMARK [0][-]{section*.158}{\376\377\000I\000n\000d\000e\000x}{}% 317
